<?xml version="1.0" encoding="UTF-8"?>
<testsuite xmlns:xsi="http://www.w3.org/2001/XMLSchema-instance" xsi:noNamespaceSchemaLocation="https://maven.apache.org/surefire/maven-surefire-plugin/xsd/surefire-test-report.xsd" name="com.formiga.microservices.netflixeurekanamingserver.NetflixEurekaNamingServerApplicationTests" time="12.536" tests="1" errors="0" skipped="0" failures="0">
  <properties>
    <property name="sun.desktop" value="gnome"/>
    <property name="awt.toolkit" value="sun.awt.X11.XToolkit"/>
    <property name="file.encoding.pkg" value="sun.io"/>
    <property name="java.specification.version" value="1.8"/>
    <property name="sun.jnu.encoding" value="UTF-8"/>
    <property name="java.class.path" value="/home/tnfigueiredo/IdeaProjects/DesafioSpringBoot/netflix-eureka-naming-server/target/test-classes:/home/tnfigueiredo/IdeaProjects/DesafioSpringBoot/netflix-eureka-naming-server/target/classes:/home/tnfigueiredo/.m2/repository/org/springframework/cloud/spring-cloud-starter-config/2.0.0.M8/spring-cloud-starter-config-2.0.0.M8.jar:/home/tnfigueiredo/.m2/repository/org/springframework/cloud/spring-cloud-starter/2.0.0.M8/spring-cloud-starter-2.0.0.M8.jar:/home/tnfigueiredo/.m2/repository/org/springframework/cloud/spring-cloud-context/2.0.0.M8/spring-cloud-context-2.0.0.M8.jar:/home/tnfigueiredo/.m2/repository/org/springframework/security/spring-security-crypto/5.0.3.RELEASE/spring-security-crypto-5.0.3.RELEASE.jar:/home/tnfigueiredo/.m2/repository/org/springframework/cloud/spring-cloud-commons/2.0.0.M8/spring-cloud-commons-2.0.0.M8.jar:/home/tnfigueiredo/.m2/repository/org/apache/httpcomponents/httpclient/4.5.5/httpclient-4.5.5.jar:/home/tnfigueiredo/.m2/repository/org/apache/httpcomponents/httpcore/4.4.9/httpcore-4.4.9.jar:/home/tnfigueiredo/.m2/repository/commons-codec/commons-codec/1.11/commons-codec-1.11.jar:/home/tnfigueiredo/.m2/repository/org/springframework/security/spring-security-rsa/1.0.5.RELEASE/spring-security-rsa-1.0.5.RELEASE.jar:/home/tnfigueiredo/.m2/repository/org/bouncycastle/bcpkix-jdk15on/1.56/bcpkix-jdk15on-1.56.jar:/home/tnfigueiredo/.m2/repository/org/bouncycastle/bcprov-jdk15on/1.56/bcprov-jdk15on-1.56.jar:/home/tnfigueiredo/.m2/repository/org/springframework/cloud/spring-cloud-config-client/2.0.0.M8/spring-cloud-config-client-2.0.0.M8.jar:/home/tnfigueiredo/.m2/repository/org/springframework/boot/spring-boot-autoconfigure/2.0.0.RELEASE/spring-boot-autoconfigure-2.0.0.RELEASE.jar:/home/tnfigueiredo/.m2/repository/org/springframework/spring-web/5.0.4.RELEASE/spring-web-5.0.4.RELEASE.jar:/home/tnfigueiredo/.m2/repository/org/springframework/spring-beans/5.0.4.RELEASE/spring-beans-5.0.4.RELEASE.jar:/home/tnfigueiredo/.m2/repository/com/fasterxml/jackson/core/jackson-annotations/2.9.0/jackson-annotations-2.9.0.jar:/home/tnfigueiredo/.m2/repository/com/fasterxml/jackson/core/jackson-databind/2.9.3/jackson-databind-2.9.3.jar:/home/tnfigueiredo/.m2/repository/com/fasterxml/jackson/core/jackson-core/2.9.3/jackson-core-2.9.3.jar:/home/tnfigueiredo/.m2/repository/org/springframework/cloud/spring-cloud-starter-netflix-eureka-server/2.0.0.M7/spring-cloud-starter-netflix-eureka-server-2.0.0.M7.jar:/home/tnfigueiredo/.m2/repository/org/springframework/cloud/spring-cloud-netflix-eureka-server/2.0.0.M7/spring-cloud-netflix-eureka-server-2.0.0.M7.jar:/home/tnfigueiredo/.m2/repository/org/springframework/boot/spring-boot-starter-web/2.0.0.RELEASE/spring-boot-starter-web-2.0.0.RELEASE.jar:/home/tnfigueiredo/.m2/repository/org/springframework/boot/spring-boot-starter-json/2.0.0.RELEASE/spring-boot-starter-json-2.0.0.RELEASE.jar:/home/tnfigueiredo/.m2/repository/com/fasterxml/jackson/datatype/jackson-datatype-jdk8/2.9.3/jackson-datatype-jdk8-2.9.3.jar:/home/tnfigueiredo/.m2/repository/com/fasterxml/jackson/datatype/jackson-datatype-jsr310/2.9.3/jackson-datatype-jsr310-2.9.3.jar:/home/tnfigueiredo/.m2/repository/com/fasterxml/jackson/module/jackson-module-parameter-names/2.9.3/jackson-module-parameter-names-2.9.3.jar:/home/tnfigueiredo/.m2/repository/org/springframework/boot/spring-boot-starter-tomcat/2.0.0.RELEASE/spring-boot-starter-tomcat-2.0.0.RELEASE.jar:/home/tnfigueiredo/.m2/repository/org/apache/tomcat/embed/tomcat-embed-core/8.5.28/tomcat-embed-core-8.5.28.jar:/home/tnfigueiredo/.m2/repository/org/apache/tomcat/embed/tomcat-embed-el/8.5.28/tomcat-embed-el-8.5.28.jar:/home/tnfigueiredo/.m2/repository/org/apache/tomcat/embed/tomcat-embed-websocket/8.5.28/tomcat-embed-websocket-8.5.28.jar:/home/tnfigueiredo/.m2/repository/org/hibernate/validator/hibernate-validator/6.0.7.Final/hibernate-validator-6.0.7.Final.jar:/home/tnfigueiredo/.m2/repository/javax/validation/validation-api/2.0.1.Final/validation-api-2.0.1.Final.jar:/home/tnfigueiredo/.m2/repository/org/jboss/logging/jboss-logging/3.3.2.Final/jboss-logging-3.3.2.Final.jar:/home/tnfigueiredo/.m2/repository/com/fasterxml/classmate/1.3.4/classmate-1.3.4.jar:/home/tnfigueiredo/.m2/repository/org/springframework/spring-webmvc/5.0.4.RELEASE/spring-webmvc-5.0.4.RELEASE.jar:/home/tnfigueiredo/.m2/repository/org/springframework/spring-aop/5.0.4.RELEASE/spring-aop-5.0.4.RELEASE.jar:/home/tnfigueiredo/.m2/repository/org/springframework/spring-expression/5.0.4.RELEASE/spring-expression-5.0.4.RELEASE.jar:/home/tnfigueiredo/.m2/repository/org/springframework/boot/spring-boot-starter-actuator/2.0.0.RELEASE/spring-boot-starter-actuator-2.0.0.RELEASE.jar:/home/tnfigueiredo/.m2/repository/org/springframework/boot/spring-boot-actuator-autoconfigure/2.0.0.RELEASE/spring-boot-actuator-autoconfigure-2.0.0.RELEASE.jar:/home/tnfigueiredo/.m2/repository/org/springframework/boot/spring-boot-actuator/2.0.0.RELEASE/spring-boot-actuator-2.0.0.RELEASE.jar:/home/tnfigueiredo/.m2/repository/io/micrometer/micrometer-core/1.0.1/micrometer-core-1.0.1.jar:/home/tnfigueiredo/.m2/repository/org/hdrhistogram/HdrHistogram/2.1.10/HdrHistogram-2.1.10.jar:/home/tnfigueiredo/.m2/repository/org/latencyutils/LatencyUtils/2.0.3/LatencyUtils-2.0.3.jar:/home/tnfigueiredo/.m2/repository/org/springframework/boot/spring-boot-starter-freemarker/2.0.0.RELEASE/spring-boot-starter-freemarker-2.0.0.RELEASE.jar:/home/tnfigueiredo/.m2/repository/org/freemarker/freemarker/2.3.27-incubating/freemarker-2.3.27-incubating.jar:/home/tnfigueiredo/.m2/repository/org/springframework/spring-context-support/5.0.4.RELEASE/spring-context-support-5.0.4.RELEASE.jar:/home/tnfigueiredo/.m2/repository/org/springframework/cloud/spring-cloud-netflix-core/2.0.0.M7/spring-cloud-netflix-core-2.0.0.M7.jar:/home/tnfigueiredo/.m2/repository/org/springframework/boot/spring-boot-starter-aop/2.0.0.RELEASE/spring-boot-starter-aop-2.0.0.RELEASE.jar:/home/tnfigueiredo/.m2/repository/org/aspectj/aspectjweaver/1.8.13/aspectjweaver-1.8.13.jar:/home/tnfigueiredo/.m2/repository/org/springframework/cloud/spring-cloud-netflix-eureka-client/2.0.0.M7/spring-cloud-netflix-eureka-client-2.0.0.M7.jar:/home/tnfigueiredo/.m2/repository/com/netflix/eureka/eureka-client/1.8.6/eureka-client-1.8.6.jar:/home/tnfigueiredo/.m2/repository/org/codehaus/jettison/jettison/1.3.7/jettison-1.3.7.jar:/home/tnfigueiredo/.m2/repository/stax/stax-api/1.0.1/stax-api-1.0.1.jar:/home/tnfigueiredo/.m2/repository/com/netflix/netflix-commons/netflix-eventbus/0.3.0/netflix-eventbus-0.3.0.jar:/home/tnfigueiredo/.m2/repository/com/netflix/netflix-commons/netflix-infix/0.3.0/netflix-infix-0.3.0.jar:/home/tnfigueiredo/.m2/repository/commons-jxpath/commons-jxpath/1.3/commons-jxpath-1.3.jar:/home/tnfigueiredo/.m2/repository/joda-time/joda-time/2.9.9/joda-time-2.9.9.jar:/home/tnfigueiredo/.m2/repository/org/antlr/antlr-runtime/3.4/antlr-runtime-3.4.jar:/home/tnfigueiredo/.m2/repository/org/antlr/stringtemplate/3.2.1/stringtemplate-3.2.1.jar:/home/tnfigueiredo/.m2/repository/antlr/antlr/2.7.7/antlr-2.7.7.jar:/home/tnfigueiredo/.m2/repository/com/google/code/gson/gson/2.8.2/gson-2.8.2.jar:/home/tnfigueiredo/.m2/repository/org/apache/commons/commons-math/2.2/commons-math-2.2.jar:/home/tnfigueiredo/.m2/repository/javax/ws/rs/jsr311-api/1.1.1/jsr311-api-1.1.1.jar:/home/tnfigueiredo/.m2/repository/com/netflix/servo/servo-core/0.10.1/servo-core-0.10.1.jar:/home/tnfigueiredo/.m2/repository/com/netflix/servo/servo-internal/0.10.1/servo-internal-0.10.1.jar:/home/tnfigueiredo/.m2/repository/com/sun/jersey/jersey-core/1.19.1/jersey-core-1.19.1.jar:/home/tnfigueiredo/.m2/repository/com/sun/jersey/jersey-client/1.19.1/jersey-client-1.19.1.jar:/home/tnfigueiredo/.m2/repository/com/sun/jersey/contribs/jersey-apache-client4/1.19.1/jersey-apache-client4-1.19.1.jar:/home/tnfigueiredo/.m2/repository/com/google/inject/guice/4.1.0/guice-4.1.0.jar:/home/tnfigueiredo/.m2/repository/aopalliance/aopalliance/1.0/aopalliance-1.0.jar:/home/tnfigueiredo/.m2/repository/com/github/vlsi/compactmap/compactmap/1.2.1/compactmap-1.2.1.jar:/home/tnfigueiredo/.m2/repository/com/github/andrewoma/dexx/dexx-collections/0.2/dexx-collections-0.2.jar:/home/tnfigueiredo/.m2/repository/com/sun/jersey/jersey-servlet/1.19.1/jersey-servlet-1.19.1.jar:/home/tnfigueiredo/.m2/repository/com/sun/jersey/jersey-server/1.19.1/jersey-server-1.19.1.jar:/home/tnfigueiredo/.m2/repository/com/netflix/eureka/eureka-core/1.8.6/eureka-core-1.8.6.jar:/home/tnfigueiredo/.m2/repository/org/codehaus/woodstox/woodstox-core-asl/4.4.1/woodstox-core-asl-4.4.1.jar:/home/tnfigueiredo/.m2/repository/javax/xml/stream/stax-api/1.0-2/stax-api-1.0-2.jar:/home/tnfigueiredo/.m2/repository/com/netflix/archaius/archaius-core/0.7.5/archaius-core-0.7.5.jar:/home/tnfigueiredo/.m2/repository/com/google/code/findbugs/jsr305/3.0.1/jsr305-3.0.1.jar:/home/tnfigueiredo/.m2/repository/javax/inject/javax.inject/1/javax.inject-1.jar:/home/tnfigueiredo/.m2/repository/com/fasterxml/jackson/dataformat/jackson-dataformat-xml/2.9.3/jackson-dataformat-xml-2.9.3.jar:/home/tnfigueiredo/.m2/repository/com/fasterxml/jackson/module/jackson-module-jaxb-annotations/2.9.3/jackson-module-jaxb-annotations-2.9.3.jar:/home/tnfigueiredo/.m2/repository/org/codehaus/woodstox/stax2-api/3.1.4/stax2-api-3.1.4.jar:/home/tnfigueiredo/.m2/repository/com/fasterxml/woodstox/woodstox-core/5.0.3/woodstox-core-5.0.3.jar:/home/tnfigueiredo/.m2/repository/com/thoughtworks/xstream/xstream/1.4.9/xstream-1.4.9.jar:/home/tnfigueiredo/.m2/repository/xmlpull/xmlpull/1.1.3.1/xmlpull-1.1.3.1.jar:/home/tnfigueiredo/.m2/repository/xpp3/xpp3_min/1.1.4c/xpp3_min-1.1.4c.jar:/home/tnfigueiredo/.m2/repository/org/springframework/cloud/spring-cloud-starter-netflix-archaius/2.0.0.M7/spring-cloud-starter-netflix-archaius-2.0.0.M7.jar:/home/tnfigueiredo/.m2/repository/org/springframework/cloud/spring-cloud-netflix-ribbon/2.0.0.M7/spring-cloud-netflix-ribbon-2.0.0.M7.jar:/home/tnfigueiredo/.m2/repository/org/springframework/cloud/spring-cloud-netflix-archaius/2.0.0.M7/spring-cloud-netflix-archaius-2.0.0.M7.jar:/home/tnfigueiredo/.m2/repository/commons-configuration/commons-configuration/1.8/commons-configuration-1.8.jar:/home/tnfigueiredo/.m2/repository/commons-lang/commons-lang/2.6/commons-lang-2.6.jar:/home/tnfigueiredo/.m2/repository/com/google/guava/guava/18.0/guava-18.0.jar:/home/tnfigueiredo/.m2/repository/org/springframework/cloud/spring-cloud-starter-netflix-ribbon/2.0.0.M7/spring-cloud-starter-netflix-ribbon-2.0.0.M7.jar:/home/tnfigueiredo/.m2/repository/com/netflix/ribbon/ribbon/2.2.4/ribbon-2.2.4.jar:/home/tnfigueiredo/.m2/repository/com/netflix/ribbon/ribbon-transport/2.2.4/ribbon-transport-2.2.4.jar:/home/tnfigueiredo/.m2/repository/io/reactivex/rxnetty-contexts/0.4.9/rxnetty-contexts-0.4.9.jar:/home/tnfigueiredo/.m2/repository/io/reactivex/rxnetty-servo/0.4.9/rxnetty-servo-0.4.9.jar:/home/tnfigueiredo/.m2/repository/com/netflix/hystrix/hystrix-core/1.5.12/hystrix-core-1.5.12.jar:/home/tnfigueiredo/.m2/repository/io/reactivex/rxnetty/0.4.9/rxnetty-0.4.9.jar:/home/tnfigueiredo/.m2/repository/io/netty/netty-codec-http/4.1.22.Final/netty-codec-http-4.1.22.Final.jar:/home/tnfigueiredo/.m2/repository/io/netty/netty-codec/4.1.22.Final/netty-codec-4.1.22.Final.jar:/home/tnfigueiredo/.m2/repository/io/netty/netty-transport-native-epoll/4.1.22.Final/netty-transport-native-epoll-4.1.22.Final.jar:/home/tnfigueiredo/.m2/repository/io/netty/netty-common/4.1.22.Final/netty-common-4.1.22.Final.jar:/home/tnfigueiredo/.m2/repository/io/netty/netty-buffer/4.1.22.Final/netty-buffer-4.1.22.Final.jar:/home/tnfigueiredo/.m2/repository/io/netty/netty-transport-native-unix-common/4.1.22.Final/netty-transport-native-unix-common-4.1.22.Final.jar:/home/tnfigueiredo/.m2/repository/io/netty/netty-transport/4.1.22.Final/netty-transport-4.1.22.Final.jar:/home/tnfigueiredo/.m2/repository/io/netty/netty-resolver/4.1.22.Final/netty-resolver-4.1.22.Final.jar:/home/tnfigueiredo/.m2/repository/com/netflix/ribbon/ribbon-core/2.2.4/ribbon-core-2.2.4.jar:/home/tnfigueiredo/.m2/repository/com/netflix/ribbon/ribbon-httpclient/2.2.4/ribbon-httpclient-2.2.4.jar:/home/tnfigueiredo/.m2/repository/commons-collections/commons-collections/3.2.2/commons-collections-3.2.2.jar:/home/tnfigueiredo/.m2/repository/com/netflix/netflix-commons/netflix-commons-util/0.1.1/netflix-commons-util-0.1.1.jar:/home/tnfigueiredo/.m2/repository/com/netflix/ribbon/ribbon-loadbalancer/2.2.4/ribbon-loadbalancer-2.2.4.jar:/home/tnfigueiredo/.m2/repository/com/netflix/netflix-commons/netflix-statistics/0.1.1/netflix-statistics-0.1.1.jar:/home/tnfigueiredo/.m2/repository/io/reactivex/rxjava/1.3.6/rxjava-1.3.6.jar:/home/tnfigueiredo/.m2/repository/com/netflix/ribbon/ribbon-eureka/2.2.4/ribbon-eureka-2.2.4.jar:/home/tnfigueiredo/.m2/repository/org/slf4j/slf4j-api/1.7.25/slf4j-api-1.7.25.jar:/home/tnfigueiredo/.m2/repository/org/springframework/boot/spring-boot-starter-test/2.0.0.RELEASE/spring-boot-starter-test-2.0.0.RELEASE.jar:/home/tnfigueiredo/.m2/repository/org/springframework/boot/spring-boot-starter/2.0.0.RELEASE/spring-boot-starter-2.0.0.RELEASE.jar:/home/tnfigueiredo/.m2/repository/org/springframework/boot/spring-boot/2.0.0.RELEASE/spring-boot-2.0.0.RELEASE.jar:/home/tnfigueiredo/.m2/repository/org/springframework/spring-context/5.0.4.RELEASE/spring-context-5.0.4.RELEASE.jar:/home/tnfigueiredo/.m2/repository/org/springframework/boot/spring-boot-starter-logging/2.0.0.RELEASE/spring-boot-starter-logging-2.0.0.RELEASE.jar:/home/tnfigueiredo/.m2/repository/ch/qos/logback/logback-classic/1.2.3/logback-classic-1.2.3.jar:/home/tnfigueiredo/.m2/repository/ch/qos/logback/logback-core/1.2.3/logback-core-1.2.3.jar:/home/tnfigueiredo/.m2/repository/org/apache/logging/log4j/log4j-to-slf4j/2.10.0/log4j-to-slf4j-2.10.0.jar:/home/tnfigueiredo/.m2/repository/org/apache/logging/log4j/log4j-api/2.10.0/log4j-api-2.10.0.jar:/home/tnfigueiredo/.m2/repository/org/slf4j/jul-to-slf4j/1.7.25/jul-to-slf4j-1.7.25.jar:/home/tnfigueiredo/.m2/repository/javax/annotation/javax.annotation-api/1.3.2/javax.annotation-api-1.3.2.jar:/home/tnfigueiredo/.m2/repository/org/yaml/snakeyaml/1.19/snakeyaml-1.19.jar:/home/tnfigueiredo/.m2/repository/org/springframework/boot/spring-boot-test/2.0.0.RELEASE/spring-boot-test-2.0.0.RELEASE.jar:/home/tnfigueiredo/.m2/repository/org/springframework/boot/spring-boot-test-autoconfigure/2.0.0.RELEASE/spring-boot-test-autoconfigure-2.0.0.RELEASE.jar:/home/tnfigueiredo/.m2/repository/com/jayway/jsonpath/json-path/2.4.0/json-path-2.4.0.jar:/home/tnfigueiredo/.m2/repository/net/minidev/json-smart/2.3/json-smart-2.3.jar:/home/tnfigueiredo/.m2/repository/net/minidev/accessors-smart/1.2/accessors-smart-1.2.jar:/home/tnfigueiredo/.m2/repository/org/ow2/asm/asm/5.0.4/asm-5.0.4.jar:/home/tnfigueiredo/.m2/repository/junit/junit/4.12/junit-4.12.jar:/home/tnfigueiredo/.m2/repository/org/assertj/assertj-core/3.9.1/assertj-core-3.9.1.jar:/home/tnfigueiredo/.m2/repository/org/mockito/mockito-core/2.15.0/mockito-core-2.15.0.jar:/home/tnfigueiredo/.m2/repository/net/bytebuddy/byte-buddy/1.7.10/byte-buddy-1.7.10.jar:/home/tnfigueiredo/.m2/repository/net/bytebuddy/byte-buddy-agent/1.7.10/byte-buddy-agent-1.7.10.jar:/home/tnfigueiredo/.m2/repository/org/objenesis/objenesis/2.6/objenesis-2.6.jar:/home/tnfigueiredo/.m2/repository/org/hamcrest/hamcrest-core/1.3/hamcrest-core-1.3.jar:/home/tnfigueiredo/.m2/repository/org/hamcrest/hamcrest-library/1.3/hamcrest-library-1.3.jar:/home/tnfigueiredo/.m2/repository/org/skyscreamer/jsonassert/1.5.0/jsonassert-1.5.0.jar:/home/tnfigueiredo/.m2/repository/com/vaadin/external/google/android-json/0.0.20131108.vaadin1/android-json-0.0.20131108.vaadin1.jar:/home/tnfigueiredo/.m2/repository/org/springframework/spring-core/5.0.4.RELEASE/spring-core-5.0.4.RELEASE.jar:/home/tnfigueiredo/.m2/repository/org/springframework/spring-jcl/5.0.4.RELEASE/spring-jcl-5.0.4.RELEASE.jar:/home/tnfigueiredo/.m2/repository/org/springframework/spring-test/5.0.4.RELEASE/spring-test-5.0.4.RELEASE.jar:/home/tnfigueiredo/.m2/repository/org/xmlunit/xmlunit-core/2.5.1/xmlunit-core-2.5.1.jar:/home/tnfigueiredo/.m2/repository/com/sun/xml/bind/jaxb-core/2.3.0.1/jaxb-core-2.3.0.1.jar:/home/tnfigueiredo/.m2/repository/javax/xml/bind/jaxb-api/2.3.1/jaxb-api-2.3.1.jar:/home/tnfigueiredo/.m2/repository/javax/activation/javax.activation-api/1.2.0/javax.activation-api-1.2.0.jar:/home/tnfigueiredo/.m2/repository/com/sun/xml/bind/jaxb-impl/2.3.1/jaxb-impl-2.3.1.jar:"/>
    <property name="com.ibm.zero.version" value="2"/>
    <property name="java.vm.vendor" value="IBM Corporation"/>
    <property name="sun.arch.data.model" value="64"/>
    <property name="com.ibm.vm.bitmode" value="64"/>
    <property name="user.variant" value=""/>
    <property name="com.ibm.oti.vm.library.version" value="28"/>
    <property name="java.vendor.url" value="http://www.ibm.com/"/>
    <property name="user.timezone" value=""/>
    <property name="os.name" value="Linux"/>
    <property name="java.vm.specification.version" value="1.8"/>
    <property name="sun.java.launcher" value="SUN_STANDARD"/>
    <property name="user.country" value="BR"/>
    <property name="sun.boot.library.path" value="/opt/sdk/ibm-java-x86_64-80/jre/lib/amd64/compressedrefs:/opt/sdk/ibm-java-x86_64-80/jre/lib/amd64"/>
    <property name="sun.java.command" value="/home/tnfigueiredo/IdeaProjects/DesafioSpringBoot/netflix-eureka-naming-server/target/surefire/surefirebooter351508296818182309.jar /home/tnfigueiredo/IdeaProjects/DesafioSpringBoot/netflix-eureka-naming-server/target/surefire 2020-05-23T23-08-15_228-jvmRun1 surefire5951426873387976124tmp surefire_04251689006758843925tmp"/>
    <property name="surefire.test.class.path" value="/home/tnfigueiredo/IdeaProjects/DesafioSpringBoot/netflix-eureka-naming-server/target/test-classes:/home/tnfigueiredo/IdeaProjects/DesafioSpringBoot/netflix-eureka-naming-server/target/classes:/home/tnfigueiredo/.m2/repository/org/springframework/cloud/spring-cloud-starter-config/2.0.0.M8/spring-cloud-starter-config-2.0.0.M8.jar:/home/tnfigueiredo/.m2/repository/org/springframework/cloud/spring-cloud-starter/2.0.0.M8/spring-cloud-starter-2.0.0.M8.jar:/home/tnfigueiredo/.m2/repository/org/springframework/cloud/spring-cloud-context/2.0.0.M8/spring-cloud-context-2.0.0.M8.jar:/home/tnfigueiredo/.m2/repository/org/springframework/security/spring-security-crypto/5.0.3.RELEASE/spring-security-crypto-5.0.3.RELEASE.jar:/home/tnfigueiredo/.m2/repository/org/springframework/cloud/spring-cloud-commons/2.0.0.M8/spring-cloud-commons-2.0.0.M8.jar:/home/tnfigueiredo/.m2/repository/org/apache/httpcomponents/httpclient/4.5.5/httpclient-4.5.5.jar:/home/tnfigueiredo/.m2/repository/org/apache/httpcomponents/httpcore/4.4.9/httpcore-4.4.9.jar:/home/tnfigueiredo/.m2/repository/commons-codec/commons-codec/1.11/commons-codec-1.11.jar:/home/tnfigueiredo/.m2/repository/org/springframework/security/spring-security-rsa/1.0.5.RELEASE/spring-security-rsa-1.0.5.RELEASE.jar:/home/tnfigueiredo/.m2/repository/org/bouncycastle/bcpkix-jdk15on/1.56/bcpkix-jdk15on-1.56.jar:/home/tnfigueiredo/.m2/repository/org/bouncycastle/bcprov-jdk15on/1.56/bcprov-jdk15on-1.56.jar:/home/tnfigueiredo/.m2/repository/org/springframework/cloud/spring-cloud-config-client/2.0.0.M8/spring-cloud-config-client-2.0.0.M8.jar:/home/tnfigueiredo/.m2/repository/org/springframework/boot/spring-boot-autoconfigure/2.0.0.RELEASE/spring-boot-autoconfigure-2.0.0.RELEASE.jar:/home/tnfigueiredo/.m2/repository/org/springframework/spring-web/5.0.4.RELEASE/spring-web-5.0.4.RELEASE.jar:/home/tnfigueiredo/.m2/repository/org/springframework/spring-beans/5.0.4.RELEASE/spring-beans-5.0.4.RELEASE.jar:/home/tnfigueiredo/.m2/repository/com/fasterxml/jackson/core/jackson-annotations/2.9.0/jackson-annotations-2.9.0.jar:/home/tnfigueiredo/.m2/repository/com/fasterxml/jackson/core/jackson-databind/2.9.3/jackson-databind-2.9.3.jar:/home/tnfigueiredo/.m2/repository/com/fasterxml/jackson/core/jackson-core/2.9.3/jackson-core-2.9.3.jar:/home/tnfigueiredo/.m2/repository/org/springframework/cloud/spring-cloud-starter-netflix-eureka-server/2.0.0.M7/spring-cloud-starter-netflix-eureka-server-2.0.0.M7.jar:/home/tnfigueiredo/.m2/repository/org/springframework/cloud/spring-cloud-netflix-eureka-server/2.0.0.M7/spring-cloud-netflix-eureka-server-2.0.0.M7.jar:/home/tnfigueiredo/.m2/repository/org/springframework/boot/spring-boot-starter-web/2.0.0.RELEASE/spring-boot-starter-web-2.0.0.RELEASE.jar:/home/tnfigueiredo/.m2/repository/org/springframework/boot/spring-boot-starter-json/2.0.0.RELEASE/spring-boot-starter-json-2.0.0.RELEASE.jar:/home/tnfigueiredo/.m2/repository/com/fasterxml/jackson/datatype/jackson-datatype-jdk8/2.9.3/jackson-datatype-jdk8-2.9.3.jar:/home/tnfigueiredo/.m2/repository/com/fasterxml/jackson/datatype/jackson-datatype-jsr310/2.9.3/jackson-datatype-jsr310-2.9.3.jar:/home/tnfigueiredo/.m2/repository/com/fasterxml/jackson/module/jackson-module-parameter-names/2.9.3/jackson-module-parameter-names-2.9.3.jar:/home/tnfigueiredo/.m2/repository/org/springframework/boot/spring-boot-starter-tomcat/2.0.0.RELEASE/spring-boot-starter-tomcat-2.0.0.RELEASE.jar:/home/tnfigueiredo/.m2/repository/org/apache/tomcat/embed/tomcat-embed-core/8.5.28/tomcat-embed-core-8.5.28.jar:/home/tnfigueiredo/.m2/repository/org/apache/tomcat/embed/tomcat-embed-el/8.5.28/tomcat-embed-el-8.5.28.jar:/home/tnfigueiredo/.m2/repository/org/apache/tomcat/embed/tomcat-embed-websocket/8.5.28/tomcat-embed-websocket-8.5.28.jar:/home/tnfigueiredo/.m2/repository/org/hibernate/validator/hibernate-validator/6.0.7.Final/hibernate-validator-6.0.7.Final.jar:/home/tnfigueiredo/.m2/repository/javax/validation/validation-api/2.0.1.Final/validation-api-2.0.1.Final.jar:/home/tnfigueiredo/.m2/repository/org/jboss/logging/jboss-logging/3.3.2.Final/jboss-logging-3.3.2.Final.jar:/home/tnfigueiredo/.m2/repository/com/fasterxml/classmate/1.3.4/classmate-1.3.4.jar:/home/tnfigueiredo/.m2/repository/org/springframework/spring-webmvc/5.0.4.RELEASE/spring-webmvc-5.0.4.RELEASE.jar:/home/tnfigueiredo/.m2/repository/org/springframework/spring-aop/5.0.4.RELEASE/spring-aop-5.0.4.RELEASE.jar:/home/tnfigueiredo/.m2/repository/org/springframework/spring-expression/5.0.4.RELEASE/spring-expression-5.0.4.RELEASE.jar:/home/tnfigueiredo/.m2/repository/org/springframework/boot/spring-boot-starter-actuator/2.0.0.RELEASE/spring-boot-starter-actuator-2.0.0.RELEASE.jar:/home/tnfigueiredo/.m2/repository/org/springframework/boot/spring-boot-actuator-autoconfigure/2.0.0.RELEASE/spring-boot-actuator-autoconfigure-2.0.0.RELEASE.jar:/home/tnfigueiredo/.m2/repository/org/springframework/boot/spring-boot-actuator/2.0.0.RELEASE/spring-boot-actuator-2.0.0.RELEASE.jar:/home/tnfigueiredo/.m2/repository/io/micrometer/micrometer-core/1.0.1/micrometer-core-1.0.1.jar:/home/tnfigueiredo/.m2/repository/org/hdrhistogram/HdrHistogram/2.1.10/HdrHistogram-2.1.10.jar:/home/tnfigueiredo/.m2/repository/org/latencyutils/LatencyUtils/2.0.3/LatencyUtils-2.0.3.jar:/home/tnfigueiredo/.m2/repository/org/springframework/boot/spring-boot-starter-freemarker/2.0.0.RELEASE/spring-boot-starter-freemarker-2.0.0.RELEASE.jar:/home/tnfigueiredo/.m2/repository/org/freemarker/freemarker/2.3.27-incubating/freemarker-2.3.27-incubating.jar:/home/tnfigueiredo/.m2/repository/org/springframework/spring-context-support/5.0.4.RELEASE/spring-context-support-5.0.4.RELEASE.jar:/home/tnfigueiredo/.m2/repository/org/springframework/cloud/spring-cloud-netflix-core/2.0.0.M7/spring-cloud-netflix-core-2.0.0.M7.jar:/home/tnfigueiredo/.m2/repository/org/springframework/boot/spring-boot-starter-aop/2.0.0.RELEASE/spring-boot-starter-aop-2.0.0.RELEASE.jar:/home/tnfigueiredo/.m2/repository/org/aspectj/aspectjweaver/1.8.13/aspectjweaver-1.8.13.jar:/home/tnfigueiredo/.m2/repository/org/springframework/cloud/spring-cloud-netflix-eureka-client/2.0.0.M7/spring-cloud-netflix-eureka-client-2.0.0.M7.jar:/home/tnfigueiredo/.m2/repository/com/netflix/eureka/eureka-client/1.8.6/eureka-client-1.8.6.jar:/home/tnfigueiredo/.m2/repository/org/codehaus/jettison/jettison/1.3.7/jettison-1.3.7.jar:/home/tnfigueiredo/.m2/repository/stax/stax-api/1.0.1/stax-api-1.0.1.jar:/home/tnfigueiredo/.m2/repository/com/netflix/netflix-commons/netflix-eventbus/0.3.0/netflix-eventbus-0.3.0.jar:/home/tnfigueiredo/.m2/repository/com/netflix/netflix-commons/netflix-infix/0.3.0/netflix-infix-0.3.0.jar:/home/tnfigueiredo/.m2/repository/commons-jxpath/commons-jxpath/1.3/commons-jxpath-1.3.jar:/home/tnfigueiredo/.m2/repository/joda-time/joda-time/2.9.9/joda-time-2.9.9.jar:/home/tnfigueiredo/.m2/repository/org/antlr/antlr-runtime/3.4/antlr-runtime-3.4.jar:/home/tnfigueiredo/.m2/repository/org/antlr/stringtemplate/3.2.1/stringtemplate-3.2.1.jar:/home/tnfigueiredo/.m2/repository/antlr/antlr/2.7.7/antlr-2.7.7.jar:/home/tnfigueiredo/.m2/repository/com/google/code/gson/gson/2.8.2/gson-2.8.2.jar:/home/tnfigueiredo/.m2/repository/org/apache/commons/commons-math/2.2/commons-math-2.2.jar:/home/tnfigueiredo/.m2/repository/javax/ws/rs/jsr311-api/1.1.1/jsr311-api-1.1.1.jar:/home/tnfigueiredo/.m2/repository/com/netflix/servo/servo-core/0.10.1/servo-core-0.10.1.jar:/home/tnfigueiredo/.m2/repository/com/netflix/servo/servo-internal/0.10.1/servo-internal-0.10.1.jar:/home/tnfigueiredo/.m2/repository/com/sun/jersey/jersey-core/1.19.1/jersey-core-1.19.1.jar:/home/tnfigueiredo/.m2/repository/com/sun/jersey/jersey-client/1.19.1/jersey-client-1.19.1.jar:/home/tnfigueiredo/.m2/repository/com/sun/jersey/contribs/jersey-apache-client4/1.19.1/jersey-apache-client4-1.19.1.jar:/home/tnfigueiredo/.m2/repository/com/google/inject/guice/4.1.0/guice-4.1.0.jar:/home/tnfigueiredo/.m2/repository/aopalliance/aopalliance/1.0/aopalliance-1.0.jar:/home/tnfigueiredo/.m2/repository/com/github/vlsi/compactmap/compactmap/1.2.1/compactmap-1.2.1.jar:/home/tnfigueiredo/.m2/repository/com/github/andrewoma/dexx/dexx-collections/0.2/dexx-collections-0.2.jar:/home/tnfigueiredo/.m2/repository/com/sun/jersey/jersey-servlet/1.19.1/jersey-servlet-1.19.1.jar:/home/tnfigueiredo/.m2/repository/com/sun/jersey/jersey-server/1.19.1/jersey-server-1.19.1.jar:/home/tnfigueiredo/.m2/repository/com/netflix/eureka/eureka-core/1.8.6/eureka-core-1.8.6.jar:/home/tnfigueiredo/.m2/repository/org/codehaus/woodstox/woodstox-core-asl/4.4.1/woodstox-core-asl-4.4.1.jar:/home/tnfigueiredo/.m2/repository/javax/xml/stream/stax-api/1.0-2/stax-api-1.0-2.jar:/home/tnfigueiredo/.m2/repository/com/netflix/archaius/archaius-core/0.7.5/archaius-core-0.7.5.jar:/home/tnfigueiredo/.m2/repository/com/google/code/findbugs/jsr305/3.0.1/jsr305-3.0.1.jar:/home/tnfigueiredo/.m2/repository/javax/inject/javax.inject/1/javax.inject-1.jar:/home/tnfigueiredo/.m2/repository/com/fasterxml/jackson/dataformat/jackson-dataformat-xml/2.9.3/jackson-dataformat-xml-2.9.3.jar:/home/tnfigueiredo/.m2/repository/com/fasterxml/jackson/module/jackson-module-jaxb-annotations/2.9.3/jackson-module-jaxb-annotations-2.9.3.jar:/home/tnfigueiredo/.m2/repository/org/codehaus/woodstox/stax2-api/3.1.4/stax2-api-3.1.4.jar:/home/tnfigueiredo/.m2/repository/com/fasterxml/woodstox/woodstox-core/5.0.3/woodstox-core-5.0.3.jar:/home/tnfigueiredo/.m2/repository/com/thoughtworks/xstream/xstream/1.4.9/xstream-1.4.9.jar:/home/tnfigueiredo/.m2/repository/xmlpull/xmlpull/1.1.3.1/xmlpull-1.1.3.1.jar:/home/tnfigueiredo/.m2/repository/xpp3/xpp3_min/1.1.4c/xpp3_min-1.1.4c.jar:/home/tnfigueiredo/.m2/repository/org/springframework/cloud/spring-cloud-starter-netflix-archaius/2.0.0.M7/spring-cloud-starter-netflix-archaius-2.0.0.M7.jar:/home/tnfigueiredo/.m2/repository/org/springframework/cloud/spring-cloud-netflix-ribbon/2.0.0.M7/spring-cloud-netflix-ribbon-2.0.0.M7.jar:/home/tnfigueiredo/.m2/repository/org/springframework/cloud/spring-cloud-netflix-archaius/2.0.0.M7/spring-cloud-netflix-archaius-2.0.0.M7.jar:/home/tnfigueiredo/.m2/repository/commons-configuration/commons-configuration/1.8/commons-configuration-1.8.jar:/home/tnfigueiredo/.m2/repository/commons-lang/commons-lang/2.6/commons-lang-2.6.jar:/home/tnfigueiredo/.m2/repository/com/google/guava/guava/18.0/guava-18.0.jar:/home/tnfigueiredo/.m2/repository/org/springframework/cloud/spring-cloud-starter-netflix-ribbon/2.0.0.M7/spring-cloud-starter-netflix-ribbon-2.0.0.M7.jar:/home/tnfigueiredo/.m2/repository/com/netflix/ribbon/ribbon/2.2.4/ribbon-2.2.4.jar:/home/tnfigueiredo/.m2/repository/com/netflix/ribbon/ribbon-transport/2.2.4/ribbon-transport-2.2.4.jar:/home/tnfigueiredo/.m2/repository/io/reactivex/rxnetty-contexts/0.4.9/rxnetty-contexts-0.4.9.jar:/home/tnfigueiredo/.m2/repository/io/reactivex/rxnetty-servo/0.4.9/rxnetty-servo-0.4.9.jar:/home/tnfigueiredo/.m2/repository/com/netflix/hystrix/hystrix-core/1.5.12/hystrix-core-1.5.12.jar:/home/tnfigueiredo/.m2/repository/io/reactivex/rxnetty/0.4.9/rxnetty-0.4.9.jar:/home/tnfigueiredo/.m2/repository/io/netty/netty-codec-http/4.1.22.Final/netty-codec-http-4.1.22.Final.jar:/home/tnfigueiredo/.m2/repository/io/netty/netty-codec/4.1.22.Final/netty-codec-4.1.22.Final.jar:/home/tnfigueiredo/.m2/repository/io/netty/netty-transport-native-epoll/4.1.22.Final/netty-transport-native-epoll-4.1.22.Final.jar:/home/tnfigueiredo/.m2/repository/io/netty/netty-common/4.1.22.Final/netty-common-4.1.22.Final.jar:/home/tnfigueiredo/.m2/repository/io/netty/netty-buffer/4.1.22.Final/netty-buffer-4.1.22.Final.jar:/home/tnfigueiredo/.m2/repository/io/netty/netty-transport-native-unix-common/4.1.22.Final/netty-transport-native-unix-common-4.1.22.Final.jar:/home/tnfigueiredo/.m2/repository/io/netty/netty-transport/4.1.22.Final/netty-transport-4.1.22.Final.jar:/home/tnfigueiredo/.m2/repository/io/netty/netty-resolver/4.1.22.Final/netty-resolver-4.1.22.Final.jar:/home/tnfigueiredo/.m2/repository/com/netflix/ribbon/ribbon-core/2.2.4/ribbon-core-2.2.4.jar:/home/tnfigueiredo/.m2/repository/com/netflix/ribbon/ribbon-httpclient/2.2.4/ribbon-httpclient-2.2.4.jar:/home/tnfigueiredo/.m2/repository/commons-collections/commons-collections/3.2.2/commons-collections-3.2.2.jar:/home/tnfigueiredo/.m2/repository/com/netflix/netflix-commons/netflix-commons-util/0.1.1/netflix-commons-util-0.1.1.jar:/home/tnfigueiredo/.m2/repository/com/netflix/ribbon/ribbon-loadbalancer/2.2.4/ribbon-loadbalancer-2.2.4.jar:/home/tnfigueiredo/.m2/repository/com/netflix/netflix-commons/netflix-statistics/0.1.1/netflix-statistics-0.1.1.jar:/home/tnfigueiredo/.m2/repository/io/reactivex/rxjava/1.3.6/rxjava-1.3.6.jar:/home/tnfigueiredo/.m2/repository/com/netflix/ribbon/ribbon-eureka/2.2.4/ribbon-eureka-2.2.4.jar:/home/tnfigueiredo/.m2/repository/org/slf4j/slf4j-api/1.7.25/slf4j-api-1.7.25.jar:/home/tnfigueiredo/.m2/repository/org/springframework/boot/spring-boot-starter-test/2.0.0.RELEASE/spring-boot-starter-test-2.0.0.RELEASE.jar:/home/tnfigueiredo/.m2/repository/org/springframework/boot/spring-boot-starter/2.0.0.RELEASE/spring-boot-starter-2.0.0.RELEASE.jar:/home/tnfigueiredo/.m2/repository/org/springframework/boot/spring-boot/2.0.0.RELEASE/spring-boot-2.0.0.RELEASE.jar:/home/tnfigueiredo/.m2/repository/org/springframework/spring-context/5.0.4.RELEASE/spring-context-5.0.4.RELEASE.jar:/home/tnfigueiredo/.m2/repository/org/springframework/boot/spring-boot-starter-logging/2.0.0.RELEASE/spring-boot-starter-logging-2.0.0.RELEASE.jar:/home/tnfigueiredo/.m2/repository/ch/qos/logback/logback-classic/1.2.3/logback-classic-1.2.3.jar:/home/tnfigueiredo/.m2/repository/ch/qos/logback/logback-core/1.2.3/logback-core-1.2.3.jar:/home/tnfigueiredo/.m2/repository/org/apache/logging/log4j/log4j-to-slf4j/2.10.0/log4j-to-slf4j-2.10.0.jar:/home/tnfigueiredo/.m2/repository/org/apache/logging/log4j/log4j-api/2.10.0/log4j-api-2.10.0.jar:/home/tnfigueiredo/.m2/repository/org/slf4j/jul-to-slf4j/1.7.25/jul-to-slf4j-1.7.25.jar:/home/tnfigueiredo/.m2/repository/javax/annotation/javax.annotation-api/1.3.2/javax.annotation-api-1.3.2.jar:/home/tnfigueiredo/.m2/repository/org/yaml/snakeyaml/1.19/snakeyaml-1.19.jar:/home/tnfigueiredo/.m2/repository/org/springframework/boot/spring-boot-test/2.0.0.RELEASE/spring-boot-test-2.0.0.RELEASE.jar:/home/tnfigueiredo/.m2/repository/org/springframework/boot/spring-boot-test-autoconfigure/2.0.0.RELEASE/spring-boot-test-autoconfigure-2.0.0.RELEASE.jar:/home/tnfigueiredo/.m2/repository/com/jayway/jsonpath/json-path/2.4.0/json-path-2.4.0.jar:/home/tnfigueiredo/.m2/repository/net/minidev/json-smart/2.3/json-smart-2.3.jar:/home/tnfigueiredo/.m2/repository/net/minidev/accessors-smart/1.2/accessors-smart-1.2.jar:/home/tnfigueiredo/.m2/repository/org/ow2/asm/asm/5.0.4/asm-5.0.4.jar:/home/tnfigueiredo/.m2/repository/junit/junit/4.12/junit-4.12.jar:/home/tnfigueiredo/.m2/repository/org/assertj/assertj-core/3.9.1/assertj-core-3.9.1.jar:/home/tnfigueiredo/.m2/repository/org/mockito/mockito-core/2.15.0/mockito-core-2.15.0.jar:/home/tnfigueiredo/.m2/repository/net/bytebuddy/byte-buddy/1.7.10/byte-buddy-1.7.10.jar:/home/tnfigueiredo/.m2/repository/net/bytebuddy/byte-buddy-agent/1.7.10/byte-buddy-agent-1.7.10.jar:/home/tnfigueiredo/.m2/repository/org/objenesis/objenesis/2.6/objenesis-2.6.jar:/home/tnfigueiredo/.m2/repository/org/hamcrest/hamcrest-core/1.3/hamcrest-core-1.3.jar:/home/tnfigueiredo/.m2/repository/org/hamcrest/hamcrest-library/1.3/hamcrest-library-1.3.jar:/home/tnfigueiredo/.m2/repository/org/skyscreamer/jsonassert/1.5.0/jsonassert-1.5.0.jar:/home/tnfigueiredo/.m2/repository/com/vaadin/external/google/android-json/0.0.20131108.vaadin1/android-json-0.0.20131108.vaadin1.jar:/home/tnfigueiredo/.m2/repository/org/springframework/spring-core/5.0.4.RELEASE/spring-core-5.0.4.RELEASE.jar:/home/tnfigueiredo/.m2/repository/org/springframework/spring-jcl/5.0.4.RELEASE/spring-jcl-5.0.4.RELEASE.jar:/home/tnfigueiredo/.m2/repository/org/springframework/spring-test/5.0.4.RELEASE/spring-test-5.0.4.RELEASE.jar:/home/tnfigueiredo/.m2/repository/org/xmlunit/xmlunit-core/2.5.1/xmlunit-core-2.5.1.jar:/home/tnfigueiredo/.m2/repository/com/sun/xml/bind/jaxb-core/2.3.0.1/jaxb-core-2.3.0.1.jar:/home/tnfigueiredo/.m2/repository/javax/xml/bind/jaxb-api/2.3.1/jaxb-api-2.3.1.jar:/home/tnfigueiredo/.m2/repository/javax/activation/javax.activation-api/1.2.0/javax.activation-api-1.2.0.jar:/home/tnfigueiredo/.m2/repository/com/sun/xml/bind/jaxb-impl/2.3.1/jaxb-impl-2.3.1.jar:"/>
    <property name="com.ibm.packed.version" value="2"/>
    <property name="sun.cpu.endian" value="little"/>
    <property name="user.home" value="/home/tnfigueiredo"/>
    <property name="user.language" value="pt"/>
    <property name="java.util.prefs.PreferencesFactory" value="java.util.prefs.FileSystemPreferencesFactory"/>
    <property name="java.specification.vendor" value="Oracle Corporation"/>
    <property name="java.home" value="/opt/sdk/ibm-java-x86_64-80/jre"/>
    <property name="ibm.signalhandling.rs" value="false"/>
    <property name="file.separator" value="/"/>
    <property name="basedir" value="/home/tnfigueiredo/IdeaProjects/DesafioSpringBoot/netflix-eureka-naming-server"/>
    <property name="line.separator" value="&#10;"/>
    <property name="java.vm.specification.vendor" value="Oracle Corporation"/>
    <property name="java.specification.name" value="Java Platform API Specification"/>
    <property name="java.compiler" value="j9jit28"/>
    <property name="com.ibm.util.extralibs.properties" value=""/>
    <property name="sun.java.launcher.pid" value="9065"/>
    <property name="java.awt.graphicsenv" value="sun.awt.X11GraphicsEnvironment"/>
    <property name="com.ibm.oti.configuration" value="scar"/>
    <property name="java.awt.fonts" value=""/>
    <property name="surefire.real.class.path" value="/home/tnfigueiredo/IdeaProjects/DesafioSpringBoot/netflix-eureka-naming-server/target/surefire/surefirebooter351508296818182309.jar"/>
    <property name="com.ibm.oti.shared.enabled" value="false"/>
    <property name="sun.boot.class.path" value="/opt/sdk/ibm-java-x86_64-80/jre/lib/amd64/compressedrefs/jclSC180/vm.jar:/opt/sdk/ibm-java-x86_64-80/jre/lib/se-service.jar:/opt/sdk/ibm-java-x86_64-80/jre/lib/cuda4j.jar:/opt/sdk/ibm-java-x86_64-80/jre/lib/math.jar:/opt/sdk/ibm-java-x86_64-80/jre/lib/ibmorb.jar:/opt/sdk/ibm-java-x86_64-80/jre/lib/ibmorbapi.jar:/opt/sdk/ibm-java-x86_64-80/jre/lib/ibmcfw.jar:/opt/sdk/ibm-java-x86_64-80/jre/lib/ibmpkcs.jar:/opt/sdk/ibm-java-x86_64-80/jre/lib/ibmcertpathfw.jar:/opt/sdk/ibm-java-x86_64-80/jre/lib/ibmjgssfw.jar:/opt/sdk/ibm-java-x86_64-80/jre/lib/ibmjssefw.jar:/opt/sdk/ibm-java-x86_64-80/jre/lib/ibmsaslfw.jar:/opt/sdk/ibm-java-x86_64-80/jre/lib/ibmjcefw.jar:/opt/sdk/ibm-java-x86_64-80/jre/lib/ibmjgssprovider.jar:/opt/sdk/ibm-java-x86_64-80/jre/lib/ibmjsseprovider2.jar:/opt/sdk/ibm-java-x86_64-80/jre/lib/ibmcertpathprovider.jar:/opt/sdk/ibm-java-x86_64-80/jre/lib/xmldsigfw.jar:/opt/sdk/ibm-java-x86_64-80/jre/lib/xml.jar:/opt/sdk/ibm-java-x86_64-80/jre/lib/charsets.jar:/opt/sdk/ibm-java-x86_64-80/jre/lib/resources.jar:/opt/sdk/ibm-java-x86_64-80/jre/lib/rt.jar:/opt/sdk/ibm-java-x86_64-80/jre/lib/dataaccess.jar"/>
    <property name="com.ibm.oti.vm.bootstrap.library.path" value="/opt/sdk/ibm-java-x86_64-80/jre/lib/amd64/compressedrefs:/opt/sdk/ibm-java-x86_64-80/jre/lib/amd64"/>
    <property name="com.ibm.cpu.endian" value="little"/>
    <property name="java.fullversion" value="JRE 1.8.0 IBM J9 2.8 Linux amd64-64 Compressed References 20160915_318796 (JIT enabled, AOT enabled)&#10;J9VM - R28_Java8_SR3_20160915_0912_B318796&#10;JIT  - tr.r14.java.green_20160818_122998&#10;GC   - R28_Java8_SR3_20160915_0912_B318796_CMPRSS&#10;J9CL - 20160915_318796"/>
    <property name="java.runtime.version" value="pxa6480sr3fp12-20160919_01 (SR3 FP12)"/>
    <property name="user.name" value="tnfigueiredo"/>
    <property name="path.separator" value=":"/>
    <property name="os.version" value="4.19.0-5-amd64"/>
    <property name="java.endorsed.dirs" value="/opt/sdk/ibm-java-x86_64-80/jre/lib/endorsed"/>
    <property name="java.runtime.name" value="Java(TM) SE Runtime Environment"/>
    <property name="ibm.signalhandling.sigint" value="true"/>
    <property name="file.encoding" value="UTF-8"/>
    <property name="java.vm.name" value="IBM J9 VM"/>
    <property name="ibm.signalhandling.sigchain" value="true"/>
    <property name="localRepository" value="/home/tnfigueiredo/.m2/repository"/>
    <property name="java.io.tmpdir" value="/tmp"/>
    <property name="java.version" value="1.8.0"/>
    <property name="com.ibm.system.agent.path" value="/opt/sdk/ibm-java-x86_64-80/jre/lib/amd64"/>
    <property name="user.dir" value="/home/tnfigueiredo/IdeaProjects/DesafioSpringBoot/netflix-eureka-naming-server"/>
    <property name="os.arch" value="amd64"/>
    <property name="java.vm.specification.name" value="Java Virtual Machine Specification"/>
    <property name="java.awt.printerjob" value="sun.print.PSPrinterJob"/>
    <property name="os.encoding" value="UTF-8"/>
    <property name="com.ibm.oti.jcl.build" value="20160915_318796"/>
    <property name="java.library.path" value="/opt/sdk/ibm-java-x86_64-80/jre/lib/amd64/compressedrefs:/opt/sdk/ibm-java-x86_64-80/jre/lib/amd64:/usr/lib64:/usr/lib"/>
    <property name="java.vendor" value="IBM Corporation"/>
    <property name="java.vm.info" value="JRE 1.8.0 Linux amd64-64 Compressed References 20160915_318796 (JIT enabled, AOT enabled)&#10;J9VM - R28_Java8_SR3_20160915_0912_B318796&#10;JIT  - tr.r14.java.green_20160818_122998&#10;GC   - R28_Java8_SR3_20160915_0912_B318796_CMPRSS&#10;J9CL - 20160915_318796"/>
    <property name="java.vm.version" value="2.8"/>
    <property name="com.ibm.jcl.checkClassPath" value=""/>
    <property name="ibm.system.encoding" value="UTF-8"/>
    <property name="sun.io.unicode.encoding" value="UnicodeLittle"/>
    <property name="java.ext.dirs" value="/opt/sdk/ibm-java-x86_64-80/jre/lib/ext"/>
    <property name="java.class.version" value="52.0"/>
  </properties>
  <testcase name="contextLoads" classname="com.formiga.microservices.netflixeurekanamingserver.NetflixEurekaNamingServerApplicationTests" time="0.07"/>
</testsuite>